<?xml version="1.0" encoding="UTF-8" ?>
<testsuite failures="0" time="0.046" errors="0" skipped="0" tests="11" name="phome.bidtracker.store.BidStoreTest">
  <properties>
[...]
</properties>
  <testcase time="0.014" classname="phome.bidtracker.store.BidStoreTest" name="saves_and_retrieves_winning_bid_correctly_on_concurrent_unequal_bid_placement_on_same_item"/>
  <testcase time="0.015" classname="phome.bidtracker.store.BidStoreTest" name="accepts_exact_one_of_multiple_concurrent_equal_bids_on_same_item"/>
  <testcase time="0.001" classname="phome.bidtracker.store.BidStoreTest" name="rejects_equal_bid_by_another_user"/>
  <testcase time="0.001" classname="phome.bidtracker.store.BidStoreTest" name="retrieves_highest_bid_as_winning_bid"/>
  <testcase time="0.001" classname="phome.bidtracker.store.BidStoreTest" name="test_no_bids"/>
  <testcase time="0" classname="phome.bidtracker.store.BidStoreTest" name="rejects_lower_bids"/>
  <testcase time="0.001" classname="phome.bidtracker.store.BidStoreTest" name="test_no_winning_bid"/>
  <testcase time="0" classname="phome.bidtracker.store.BidStoreTest" name="accepts_higher_bids"/>
  <testcase time="0" classname="phome.bidtracker.store.BidStoreTest" name="rejects_duplicate_bids"/>
  <testcase time="0" classname="phome.bidtracker.store.BidStoreTest" name="accepts_a_brand_new_bid"/>
  <testcase time="0.001" classname="phome.bidtracker.store.BidStoreTest" name="retrieves_saved_bids_for_an_item_in_order_as_placed"/>
</testsuite>