<?xml version="1.0" encoding="UTF-8" ?>
<testsuite failures="0" time="0.056" errors="0" skipped="0" tests="6" name="phome.bidtracker.store.UserBidHistoryStoreTest">
  <properties>
[...]
</properties>
  <testcase time="0.007" classname="phome.bidtracker.store.UserBidHistoryStoreTest" name="saves_exactly_one_item_on_100_concurrent_identical_item_adds_for_same_user"/>
  <testcase time="0" classname="phome.bidtracker.store.UserBidHistoryStoreTest" name="saves_distinct_items_for_a_user"/>
  <testcase time="0" classname="phome.bidtracker.store.UserBidHistoryStoreTest" name="does_not_save_same_item_multiple_times_to_a_user"/>
  <testcase time="0.043" classname="phome.bidtracker.store.UserBidHistoryStoreTest" name="saves_100_conccurrent_distint_item_adds_for_same_user"/>
  <testcase time="0.001" classname="phome.bidtracker.store.UserBidHistoryStoreTest" name="saves_new_item_to_user_store"/>
  <testcase time="0" classname="phome.bidtracker.store.UserBidHistoryStoreTest" name="test_no_items"/>
</testsuite>